<?xml version="1.0" encoding="UTF-8"?>
<!-- Generated by org.testng.reporters.JUnitXMLReporter -->
<testsuite hostname="Dans-MacBook-Pro.local" name="Default test" tests="10" failures="0" timestamp="29 Feb 2016 17:30:54 GMT" time="0.062" errors="0">
  <testcase name="pesoOuAlturaInvalidosDeveRetornarUmaExcecao" time="0.014" classname="calcularIMC.PacienteTest"/>
  <testcase name="verificarDiagnotico" time="0.005" classname="calcularIMC.PacienteTest"/>
  <testcase name="verificarDiagnotico" time="0.001" classname="calcularIMC.PacienteTest"/>
  <testcase name="verificarDiagnotico" time="0.001" classname="calcularIMC.PacienteTest"/>
  <testcase name="verificarDiagnotico" time="0.001" classname="calcularIMC.PacienteTest"/>
  <testcase name="verificarDiagnotico" time="0.001" classname="calcularIMC.PacienteTest"/>
  <testcase name="verificarDiagnotico" time="0.001" classname="calcularIMC.PacienteTest"/>
  <testcase name="verificarDiagnotico" time="0.0" classname="calcularIMC.PacienteTest"/>
  <testcase name="verificarDiagnotico" time="0.001" classname="calcularIMC.PacienteTest"/>
  <testcase name="verificarDiagnotico" time="0.001" classname="calcularIMC.PacienteTest"/>
</testsuite> <!-- Default test -->
