<?xml version="1.0" encoding="UTF-8"?>
<testng-results skipped="0" failed="0" total="10" passed="10">
  <reporter-output>
  </reporter-output>
  <suite name="Default suite" duration-ms="62" started-at="2016-02-29T17:30:54Z" finished-at="2016-02-29T17:30:54Z">
    <groups>
    </groups>
    <test name="Default test" duration-ms="62" started-at="2016-02-29T17:30:54Z" finished-at="2016-02-29T17:30:54Z">
      <class name="calcularIMC.PacienteTest">
        <test-method status="PASS" signature="pesoOuAlturaInvalidosDeveRetornarUmaExcecao()[pri:0, instance:calcularIMC.PacienteTest@7a92922]" name="pesoOuAlturaInvalidosDeveRetornarUmaExcecao" duration-ms="14" started-at="2016-02-29T14:30:54Z" finished-at="2016-02-29T14:30:54Z">
          <exception class="java.lang.IllegalArgumentException">
            <message>
              <![CDATA[Peso e altura devem ser maiores que 0 (zero)]]>
            </message>
            <full-stacktrace>
              <![CDATA[java.lang.IllegalArgumentException: Peso e altura devem ser maiores que 0 (zero)
	at calcularIMC.Paciente.calcularIMC(Paciente.java:13)
	at calcularIMC.Paciente.diagnostico(Paciente.java:20)
	at calcularIMC.PacienteTest.pesoOuAlturaInvalidosDeveRetornarUmaExcecao(PacienteTest.java:12)
	at sun.reflect.NativeMethodAccessorImpl.invoke0(Native Method)
	at sun.reflect.NativeMethodAccessorImpl.invoke(NativeMethodAccessorImpl.java:62)
	at sun.reflect.DelegatingMethodAccessorImpl.invoke(DelegatingMethodAccessorImpl.java:43)
	at java.lang.reflect.Method.invoke(Method.java:483)
	at org.testng.internal.MethodInvocationHelper.invokeMethod(MethodInvocationHelper.java:86)
	at org.testng.internal.Invoker.invokeMethod(Invoker.java:645)
	at org.testng.internal.Invoker.invokeTestMethod(Invoker.java:822)
	at org.testng.internal.Invoker.invokeTestMethods(Invoker.java:1130)
	at org.testng.internal.TestMethodWorker.invokeTestMethods(TestMethodWorker.java:129)
	at org.testng.internal.TestMethodWorker.run(TestMethodWorker.java:112)
	at org.testng.TestRunner.privateRun(TestRunner.java:782)
	at org.testng.TestRunner.run(TestRunner.java:632)
	at org.testng.SuiteRunner.runTest(SuiteRunner.java:366)
	at org.testng.SuiteRunner.runSequentially(SuiteRunner.java:361)
	at org.testng.SuiteRunner.privateRun(SuiteRunner.java:319)
	at org.testng.SuiteRunner.run(SuiteRunner.java:268)
	at org.testng.SuiteRunnerWorker.runSuite(SuiteRunnerWorker.java:52)
	at org.testng.SuiteRunnerWorker.run(SuiteRunnerWorker.java:86)
	at org.testng.TestNG.runSuitesSequentially(TestNG.java:1244)
	at org.testng.TestNG.runSuitesLocally(TestNG.java:1169)
	at org.testng.TestNG.run(TestNG.java:1064)
	at org.testng.remote.RemoteTestNG.run(RemoteTestNG.java:113)
	at org.testng.remote.RemoteTestNG.initAndRun(RemoteTestNG.java:206)
	at org.testng.remote.RemoteTestNG.main(RemoteTestNG.java:177)
]]>
            </full-stacktrace>
          </exception> <!-- java.lang.IllegalArgumentException -->
          <reporter-output>
          </reporter-output>
        </test-method> <!-- pesoOuAlturaInvalidosDeveRetornarUmaExcecao -->
        <test-method status="PASS" signature="verificarDiagnotico(java.lang.Double, java.lang.Double, java.lang.String)[pri:0, instance:calcularIMC.PacienteTest@7a92922]" name="verificarDiagnotico" duration-ms="5" started-at="2016-02-29T14:30:54Z" data-provider="DiagnosticoDataProvider" finished-at="2016-02-29T14:30:54Z">
          <params>
            <param index="0">
              <value>
                <![CDATA[1.78]]>
              </value>
            </param>
            <param index="1">
              <value>
                <![CDATA[96.0]]>
              </value>
            </param>
            <param index="2">
              <value>
                <![CDATA[Obesidade grau I = IMC entre 30 e 34,99 kg/m²]]>
              </value>
            </param>
          </params>
          <reporter-output>
          </reporter-output>
        </test-method> <!-- verificarDiagnotico -->
        <test-method status="PASS" signature="verificarDiagnotico(java.lang.Double, java.lang.Double, java.lang.String)[pri:0, instance:calcularIMC.PacienteTest@7a92922]" name="verificarDiagnotico" duration-ms="1" started-at="2016-02-29T14:30:54Z" data-provider="DiagnosticoDataProvider" finished-at="2016-02-29T14:30:54Z">
          <params>
            <param index="0">
              <value>
                <![CDATA[1.1]]>
              </value>
            </param>
            <param index="1">
              <value>
                <![CDATA[10.0]]>
              </value>
            </param>
            <param index="2">
              <value>
                <![CDATA[Baixo peso muito grave = IMC abaixo de 16 kg/m²]]>
              </value>
            </param>
          </params>
          <reporter-output>
          </reporter-output>
        </test-method> <!-- verificarDiagnotico -->
        <test-method status="PASS" signature="verificarDiagnotico(java.lang.Double, java.lang.Double, java.lang.String)[pri:0, instance:calcularIMC.PacienteTest@7a92922]" name="verificarDiagnotico" duration-ms="1" started-at="2016-02-29T14:30:54Z" data-provider="DiagnosticoDataProvider" finished-at="2016-02-29T14:30:54Z">
          <params>
            <param index="0">
              <value>
                <![CDATA[1.1]]>
              </value>
            </param>
            <param index="1">
              <value>
                <![CDATA[20.0]]>
              </value>
            </param>
            <param index="2">
              <value>
                <![CDATA[Baixo peso grave = IMC entre 16 e 16,99 kg/m²]]>
              </value>
            </param>
          </params>
          <reporter-output>
          </reporter-output>
        </test-method> <!-- verificarDiagnotico -->
        <test-method status="PASS" signature="verificarDiagnotico(java.lang.Double, java.lang.Double, java.lang.String)[pri:0, instance:calcularIMC.PacienteTest@7a92922]" name="verificarDiagnotico" duration-ms="1" started-at="2016-02-29T14:30:54Z" data-provider="DiagnosticoDataProvider" finished-at="2016-02-29T14:30:54Z">
          <params>
            <param index="0">
              <value>
                <![CDATA[1.1]]>
              </value>
            </param>
            <param index="1">
              <value>
                <![CDATA[22.0]]>
              </value>
            </param>
            <param index="2">
              <value>
                <![CDATA[Baixo peso = IMC entre 17 e 18,49 kg/m²]]>
              </value>
            </param>
          </params>
          <reporter-output>
          </reporter-output>
        </test-method> <!-- verificarDiagnotico -->
        <test-method status="PASS" signature="verificarDiagnotico(java.lang.Double, java.lang.Double, java.lang.String)[pri:0, instance:calcularIMC.PacienteTest@7a92922]" name="verificarDiagnotico" duration-ms="1" started-at="2016-02-29T14:30:54Z" data-provider="DiagnosticoDataProvider" finished-at="2016-02-29T14:30:54Z">
          <params>
            <param index="0">
              <value>
                <![CDATA[1.1]]>
              </value>
            </param>
            <param index="1">
              <value>
                <![CDATA[25.0]]>
              </value>
            </param>
            <param index="2">
              <value>
                <![CDATA[Peso normal = IMC entre 18,50 e 24,99 kg/m²]]>
              </value>
            </param>
          </params>
          <reporter-output>
          </reporter-output>
        </test-method> <!-- verificarDiagnotico -->
        <test-method status="PASS" signature="verificarDiagnotico(java.lang.Double, java.lang.Double, java.lang.String)[pri:0, instance:calcularIMC.PacienteTest@7a92922]" name="verificarDiagnotico" duration-ms="1" started-at="2016-02-29T14:30:54Z" data-provider="DiagnosticoDataProvider" finished-at="2016-02-29T14:30:54Z">
          <params>
            <param index="0">
              <value>
                <![CDATA[1.1]]>
              </value>
            </param>
            <param index="1">
              <value>
                <![CDATA[32.0]]>
              </value>
            </param>
            <param index="2">
              <value>
                <![CDATA[Sobrepeso = IMC entre 25 e 29,99 kg/m²]]>
              </value>
            </param>
          </params>
          <reporter-output>
          </reporter-output>
        </test-method> <!-- verificarDiagnotico -->
        <test-method status="PASS" signature="verificarDiagnotico(java.lang.Double, java.lang.Double, java.lang.String)[pri:0, instance:calcularIMC.PacienteTest@7a92922]" name="verificarDiagnotico" duration-ms="0" started-at="2016-02-29T14:30:54Z" data-provider="DiagnosticoDataProvider" finished-at="2016-02-29T14:30:54Z">
          <params>
            <param index="0">
              <value>
                <![CDATA[1.1]]>
              </value>
            </param>
            <param index="1">
              <value>
                <![CDATA[40.0]]>
              </value>
            </param>
            <param index="2">
              <value>
                <![CDATA[Obesidade grau I = IMC entre 30 e 34,99 kg/m²]]>
              </value>
            </param>
          </params>
          <reporter-output>
          </reporter-output>
        </test-method> <!-- verificarDiagnotico -->
        <test-method status="PASS" signature="verificarDiagnotico(java.lang.Double, java.lang.Double, java.lang.String)[pri:0, instance:calcularIMC.PacienteTest@7a92922]" name="verificarDiagnotico" duration-ms="1" started-at="2016-02-29T14:30:54Z" data-provider="DiagnosticoDataProvider" finished-at="2016-02-29T14:30:54Z">
          <params>
            <param index="0">
              <value>
                <![CDATA[1.1]]>
              </value>
            </param>
            <param index="1">
              <value>
                <![CDATA[45.0]]>
              </value>
            </param>
            <param index="2">
              <value>
                <![CDATA[Obesidade grau II = IMC entre 35 e 39,99 kg/m²]]>
              </value>
            </param>
          </params>
          <reporter-output>
          </reporter-output>
        </test-method> <!-- verificarDiagnotico -->
        <test-method status="PASS" signature="verificarDiagnotico(java.lang.Double, java.lang.Double, java.lang.String)[pri:0, instance:calcularIMC.PacienteTest@7a92922]" name="verificarDiagnotico" duration-ms="1" started-at="2016-02-29T14:30:54Z" data-provider="DiagnosticoDataProvider" finished-at="2016-02-29T14:30:54Z">
          <params>
            <param index="0">
              <value>
                <![CDATA[1.1]]>
              </value>
            </param>
            <param index="1">
              <value>
                <![CDATA[100.0]]>
              </value>
            </param>
            <param index="2">
              <value>
                <![CDATA[Obesidade grau III (obesidade mórbida) = IMC maior que 40 kg/m²]]>
              </value>
            </param>
          </params>
          <reporter-output>
          </reporter-output>
        </test-method> <!-- verificarDiagnotico -->
      </class> <!-- calcularIMC.PacienteTest -->
    </test> <!-- Default test -->
  </suite> <!-- Default suite -->
</testng-results>
